<?xml version="1.0" encoding="UTF-8"?>
<!-- Generated by org.testng.reporters.JUnitReportReporter -->
<testsuite hostname="DESKTOP-E9J2K2J" failures="0" tests="1" name="Module1_test.testNG_testclass" time="13.305" errors="0" timestamp="2023-08-02T17:00:32 IST" skipped="0">
  <testcase classname="Module1_test.testNG_testclass" name="verifyemail_guru99" time="13.305"/>
</testsuite> <!-- Module1_test.testNG_testclass -->
